{"C:\\Users\\Administrator\\OneDrive\\Desktop\\Microverse\\To-Do-list\\src\\modules\\addTask.js": {"path":"C:\\Users\\Administrator\\OneDrive\\Desktop\\Microverse\\To-Do-list\\src\\modules\\addTask.js","statementMap":{"0":{"start":{"line":1,"column":16},"end":{"line":10,"column":1}},"1":{"start":{"line":2,"column":15},"end":{"line":6,"column":3}},"2":{"start":{"line":7,"column":2},"end":{"line":7,"column":19}},"3":{"start":{"line":9,"column":2},"end":{"line":9,"column":15}}},"fnMap":{"0":{"name":"(anonymous_0)","decl":{"start":{"line":1,"column":16},"end":{"line":1,"column":17}},"loc":{"start":{"line":1,"column":40},"end":{"line":10,"column":1}},"line":1}},"branchMap":{},"s":{"0":1,"1":2,"2":2,"3":2},"f":{"0":2},"b":{},"_coverageSchema":"1a1c01bbd47fc00a2c39e90264f33305004495a9","hash":"2c5a02a7297bbcfe1888ae97e22996aebb2e29b5"}
,"C:\\Users\\Administrator\\OneDrive\\Desktop\\Microverse\\To-Do-list\\src\\modules\\removeTask.js": {"path":"C:\\Users\\Administrator\\OneDrive\\Desktop\\Microverse\\To-Do-list\\src\\modules\\removeTask.js","statementMap":{"0":{"start":{"line":1,"column":19},"end":{"line":5,"column":1}},"1":{"start":{"line":2,"column":18},"end":{"line":2,"column":62}},"2":{"start":{"line":2,"column":41},"end":{"line":2,"column":61}},"3":{"start":{"line":4,"column":2},"end":{"line":4,"column":17}}},"fnMap":{"0":{"name":"(anonymous_0)","decl":{"start":{"line":1,"column":19},"end":{"line":1,"column":20}},"loc":{"start":{"line":1,"column":37},"end":{"line":5,"column":1}},"line":1},"1":{"name":"(anonymous_1)","decl":{"start":{"line":2,"column":31},"end":{"line":2,"column":32}},"loc":{"start":{"line":2,"column":41},"end":{"line":2,"column":61}},"line":2}},"branchMap":{},"s":{"0":1,"1":2,"2":3,"3":2},"f":{"0":2,"1":3},"b":{},"_coverageSchema":"1a1c01bbd47fc00a2c39e90264f33305004495a9","hash":"c9c1db295455108ed865a663b425a679258fc6a9"}
}
